"../../../Engine/Content/ArtTools/RenderToTexture/Enums/RenderToTexture_Enum.uasset" 0
"../../../Engine/Content/ArtTools/RenderToTexture/Enums/RenderToTexture_Flipbook_Enum.uasset" 1
"../../../Engine/Content/ArtTools/RenderToTexture/Enums/RenderToTexture_Imposter_Enum.uasset" 2
"../../../Engine/Content/EditorBlueprintResources/StandardMacros.uasset" 3
"../../../Engine/Content/ArtTools/RenderToTexture/Enums/EIntTypes.uasset" 4
"../../../Engine/Content/ArtTools/RenderToTexture/Macros/RenderToTextureFunctionLibrary.uasset" 5
"../../../Engine/Content/ArtTools/RenderToTexture/Enums/EFloatTypes.uasset" 6
"../../../Engine/Content/ArtTools/RenderToTexture/Macros/RenderToTextureMacros.uasset" 7
"../../../Engine/Content/Functions/Engine_MaterialFunctions01/Opacity/CameraDepthFade.uasset" 8
"../../../Engine/Content/EngineMaterials/T_Default_Material_Grid_M.uasset" 9
"../../../Engine/Content/EngineMaterials/T_Default_Material_Grid_N.uasset" 10
"../../../Engine/Content/EngineMaterials/WorldGridMaterial.uasset" 11
"../../../Engine/Content/ArtTools/RenderToTexture/Meshes/S_1_Unit_Plane.uasset" 12
"../../../Engine/Content/EngineMaterials/DefaultMaterial.uasset" 13
"../../../Engine/Content/BasicShapes/Cone.uasset" 14
"../../../Engine/Content/BasicShapes/Cube.uasset" 15
"../../../Engine/Content/BasicShapes/Cylinder.uasset" 16
"../../../Engine/Content/BasicShapes/Plane.uasset" 17
"../../../Engine/Content/EngineMaterials/DefaultPhysicalMaterial.uasset" 18
"../../../Engine/Content/BufferVisualization/AmbientOcclusion.uasset" 19
"../../../Engine/Content/BufferVisualization/BaseColor.uasset" 20
"../../../Engine/Content/BufferVisualization/CustomDepth.uasset" 21
"../../../Engine/Content/Functions/Engine_MaterialFunctions02/Utility/VectorLength.uasset" 22
"../../../Engine/Content/BufferVisualization/CustomDepthWorldUnits.uasset" 23
"../../../Engine/Content/Functions/Engine_MaterialFunctions02/Utility/BreakOutFloat2Components.uasset" 24
"../../../Engine/Content/Functions/Engine_MaterialFunctions01/Texturing/ScaleUVsByCenter.uasset" 25
"../../../Engine/Content/Functions/Engine_MaterialFunctions02/ScreenResolution.uasset" 26
"../../../Engine/Content/Functions/Engine_MaterialFunctions02/Texturing/ScreenAlignedUVs.uasset" 27
"../../../Engine/Content/Functions/Engine_MaterialFunctions02/Utility/MakeFloat2.uasset" 28
"../../../Engine/Content/Functions/Engine_MaterialFunctions02/Utility/MakeFloat3.uasset" 29
"../../../Engine/Content/EngineMaterials/MiniFont.uasset" 30
"../../../Engine/Content/BufferVisualization/CustomStencil.uasset" 31
"../../../Engine/Content/BufferVisualization/FinalImage.uasset" 32
"../../../Engine/Content/BufferVisualization/LightingModel.uasset" 33
"../../../Engine/Content/BufferVisualization/MaterialAO.uasset" 34
"../../../Engine/Content/BufferVisualization/Metallic.uasset" 35
"../../../Engine/Content/BufferVisualization/Opacity.uasset" 36
"../../../Engine/Content/BufferVisualization/PostTonemapHDRColor.uasset" 37
"../../../Engine/Content/BufferVisualization/PreTonemapHDRColor.uasset" 38
"../../../Engine/Content/BufferVisualization/Roughness.uasset" 39
"../../../Engine/Content/BufferVisualization/SceneColor.uasset" 40
"../../../Engine/Content/BufferVisualization/SceneDepth.uasset" 41
"../../../Engine/Content/BufferVisualization/SceneDepthWorldUnits.uasset" 42
"../../../Engine/Content/BufferVisualization/SeparateTranslucencyA.uasset" 43
"../../../Engine/Content/BufferVisualization/SeparateTranslucencyRGB.uasset" 44
"../../../Engine/Content/BufferVisualization/Specular.uasset" 45
"../../../Engine/Content/BufferVisualization/SubsurfaceColor.uasset" 46
"../../../Engine/Content/BufferVisualization/WorldNormal.uasset" 47
"../../../Engine/Content/EditorBlueprintResources/ActorMacros.uasset" 48
"../../../Engine/Content/EditorLandscapeResources/DataLayer.uasset" 49
"../../../Engine/Content/EditorLandscapeResources/DefaultAlphaTexture.uasset" 50
"../../../Engine/Content/EditorLandscapeResources/LandscapeGizmoHeight_Mat.uasset" 51
"../../../Engine/Content/EditorLandscapeResources/LandscapeGizmo_Mat.uasset" 52
"../../../Engine/Content/EditorLandscapeResources/LandscapeGizmo_Mat_Copied.uasset" 53
"../../../Engine/Content/EditorLandscapeResources/SplineEditorMeshMat.uasset" 54
"../../../Engine/Content/EditorLandscapeResources/SplineEditorMesh.uasset" 55
"../../../Engine/Content/EditorMaterials/Cross.uasset" 56
"../../../Engine/Content/EditorMaterials/Cross_Mat.uasset" 57
"../../../Engine/Content/EditorMaterials/GizmoMaterial.uasset" 58
"../../../Engine/Content/Functions/Engine_MaterialFunctions02/Utility/Sign.uasset" 59
"../../../Engine/Content/Functions/Engine_MaterialFunctions02/Utility/Round.uasset" 60
"../../../Engine/Content/Functions/Engine_MaterialFunctions02/ExampleContent/Textures/flipbook.uasset" 61
"../../../Engine/Content/Functions/Engine_MaterialFunctions02/Texturing/FlipBook.uasset" 62
"../../../Engine/Content/EditorResources/T_EditorHelp.uasset" 63
"../../../Engine/Content/EditorMaterials/HelpActorMaterial.uasset" 64
"../../../Engine/Content/EditorMaterials/CompositeARGBLayer.uasset" 65
"../../../Engine/Content/EditorMaterials/TilingAALineIntegral.uasset" 66
"../../../Engine/Content/EditorMaterials/TilingAALineBoxFiltered.uasset" 67
"../../../Engine/Content/Functions/Engine_MaterialFunctions03/Procedurals/ComputeFilterWidth.uasset" 68
"../../../Engine/Content/EditorMaterials/TilingAADots.uasset" 69
"../../../Engine/Content/EditorMaterials/Cascade/CASC_Cross.uasset" 70
"../../../Engine/Content/EditorMaterials/Cascade/CASC_None.uasset" 71
"../../../Engine/Content/Functions/Engine_MaterialFunctions03/Blends/Blend_Screen.uasset" 72
"../../../Engine/Content/EditorMaterials/TilingAAGrid.uasset" 73
"../../../Engine/Content/EditorMaterials/LevelGridMaterial.uasset" 74
"../../../Engine/Content/EditorMaterials/MakeCompositeARGBLayer.uasset" 75
"../../../Engine/Content/EditorResources/LevelGrid1DStripes.uasset" 76
"../../../Engine/Content/EditorMaterials/TextureGridCascaded1D.uasset" 77
"../../../Engine/Content/EditorMaterials/TextureGridCascaded2D.uasset" 78
"../../../Engine/Content/EditorMaterials/LevelGridMaterial2.uasset" 79
"../../../Engine/Content/EditorMaterials/MAT_Groups_Toggle.uasset" 80
"../../../Engine/Content/EditorMaterials/MAT_Groups_Visibility.uasset" 81
"../../../Engine/Content/EditorMaterials/AntialiasedGridFloor.uasset" 82
"../../../Engine/Content/EditorResources/TilePatine_D.uasset" 83
"../../../Engine/Content/EditorResources/TilePatine_N.uasset" 84
"../../../Engine/Content/EngineMaterials/Grid.uasset" 85
"../../../Engine/Content/EditorMaterials/PersonaFloorMat.uasset" 86
"../../../Engine/Content/EditorMaterials/PhAT_BoneSelectedMaterial.uasset" 87
"../../../Engine/Content/EditorMaterials/PhAT_ElemSelectedMaterial.uasset" 88
"../../../Engine/Content/EditorMaterials/PhAT_NoCollisionMaterial.uasset" 89
"../../../Engine/Content/EditorMaterials/PhAT_UnselectedMaterial.uasset" 90
"../../../Engine/Content/EditorMaterials/PreviewShadowIndicator.uasset" 91
"../../../Engine/Content/EditorMaterials/PreviewShadowIndicatorMaterial.uasset" 92
"../../../Engine/Content/EditorMaterials/TargetIcon.uasset" 93
"../../../Engine/Content/EditorMaterials/Tick.uasset" 94
"../../../Engine/Content/EditorMaterials/Tick_Mat.uasset" 95
"../../../Engine/Content/EditorMaterials/WidgetGridVertexColorMaterial.uasset" 96
"../../../Engine/Content/EditorMaterials/WidgetGridVertexColorMaterial_Ma.uasset" 97
"../../../Engine/Content/EditorMaterials/WidgetMaterial.uasset" 98
"../../../Engine/Content/EditorMaterials/WidgetMaterial_Current.uasset" 99
"../../../Engine/Content/EditorMaterials/WidgetMaterial_X.uasset" 100
"../../../Engine/Content/EditorMaterials/WidgetMaterial_Y.uasset" 101
"../../../Engine/Content/EditorMaterials/WidgetMaterial_Z.uasset" 102
"../../../Engine/Content/EditorMaterials/WidgetVertexColorMaterial.uasset" 103
"../../../Engine/Content/EditorMaterials/Cascade/CASC_CurveEd.uasset" 104
"../../../Engine/Content/EditorMaterials/Cascade/CASC_DisabledModule.uasset" 105
"../../../Engine/Content/EditorMaterials/Cascade/CASC_Lights.uasset" 106
"../../../Engine/Content/EditorMaterials/Cascade/CASC_ModuleDisable.uasset" 107
"../../../Engine/Content/EditorMaterials/Cascade/CASC_ModuleEnable.uasset" 108
"../../../Engine/Content/EditorMaterials/Cascade/CASC_Normal.uasset" 109
"../../../Engine/Content/EditorMaterials/Cascade/CASC_Point.uasset" 110
"../../../Engine/Content/EditorMaterials/Cascade/CASC_Solo_Off.uasset" 111
"../../../Engine/Content/EditorMaterials/Cascade/CASC_Solo_On.uasset" 112
"../../../Engine/Content/EditorMaterials/MatineeGroups/MAT_ColorTrack.uasset" 113
"../../../Engine/Content/EditorMaterials/MatineeGroups/MAT_Groups_Anim.uasset" 114
"../../../Engine/Content/EditorMaterials/MatineeGroups/MAT_Groups_AudioMaster.uasset" 115
"../../../Engine/Content/EditorMaterials/MatineeGroups/MAT_Groups_Director.uasset" 116
"../../../Engine/Content/EditorMaterials/MatineeGroups/MAT_Groups_Event.uasset" 117
"../../../Engine/Content/EditorMaterials/MatineeGroups/MAT_Groups_Fade.uasset" 118
"../../../Engine/Content/EditorMaterials/MatineeGroups/MAT_Groups_Float.uasset" 119
"../../../Engine/Content/EditorMaterials/MatineeGroups/MAT_Groups_Move.uasset" 120
"../../../Engine/Content/EditorMaterials/MatineeGroups/MAT_Groups_Slomo.uasset" 121
"../../../Engine/Content/EditorMaterials/MatineeGroups/MAT_Groups_Sound.uasset" 122
"../../../Engine/Content/EditorMaterials/MatineeGroups/MAT_Groups_Vector.uasset" 123
"../../../Engine/Content/EditorMaterials/ParticleSystems/PSysThumbnail_NoImage.uasset" 124
"../../../Engine/Content/EditorMaterials/ParticleSystems/PSysThumbnail_OOD.uasset" 125
"../../../Engine/Content/EditorMaterials/Thumbnails/FloorPlaneMaterial.uasset" 126
"../../../Engine/Content/EditorMeshes/AnimTreeEd_PreviewFloor.uasset" 127
"../../../Engine/Content/EditorMeshes/EditorCube.uasset" 128
"../../../Engine/Content/EditorMeshes/EditorCylinder.uasset" 129
"../../../Engine/Content/EditorMeshes/EditorPlane.uasset" 130
"../../../Engine/Content/EditorMaterials/Thumbnails/SkySphereMaterial.uasset" 131
"../../../Engine/Content/EditorMeshes/EditorSkySphere.uasset" 132
"../../../Engine/Content/EditorMeshes/EditorSphere.uasset" 133
"../../../Engine/Content/EditorResources/MatineeCam_D.uasset" 134
"../../../Engine/Content/EditorMaterials/MatineeCam_mat.uasset" 135
"../../../Engine/Content/EditorMeshes/MatineeCam_SM.uasset" 136
"../../../Engine/Content/Functions/Engine_MaterialFunctions01/Shading/ConvertFromDiffSpec.uasset" 137
"../../../Engine/Content/EditorMaterials/GridMaterial.uasset" 138
"../../../Engine/Content/EditorMeshes/PhAT_FloorBox.uasset" 139
"../../../Engine/Content/EditorMaterials/Camera/CineMat.uasset" 140
"../../../Engine/Content/EditorMaterials/Camera/MI_CineMat_CameraBody.uasset" 141
"../../../Engine/Content/EngineDebugMaterials/M_SimpleOpaque.uasset" 142
"../../../Engine/Content/EditorMaterials/Camera/MI_CineMat_CamViewFinder.uasset" 143
"../../../Engine/Content/EditorMeshes/Camera/SM_CineCam.uasset" 144
"../../../Engine/Content/EditorMaterials/Camera/MI_CineMat_Rig.uasset" 145
"../../../Engine/Content/EditorMeshes/Camera/SM_CraneRig_Arm.uasset" 146
"../../../Engine/Content/EditorMeshes/Camera/SM_CraneRig_Base.uasset" 147
"../../../Engine/Content/EditorMeshes/Camera/SM_CraneRig_Body.uasset" 148
"../../../Engine/Content/EditorMeshes/Camera/SM_CraneRig_Mount.uasset" 149
"../../../Engine/Content/EditorMeshes/Camera/SM_RailRig_Mount.uasset" 150
"../../../Engine/Content/EditorMeshes/Camera/SM_RailRig_Track.uasset" 151
"../../../Engine/Content/EditorMeshes/ColorCalibrator/M_ChromeBall.uasset" 152
"../../../Engine/Content/EditorMeshes/ColorCalibrator/M_ClearCoat.uasset" 153
"../../../Engine/Content/EditorMeshes/ColorCalibrator/M_ClearCoatBlack.uasset" 154
"../../../Engine/Content/EditorMeshes/ColorCalibrator/Color_checker.uasset" 155
"../../../Engine/Content/EditorMeshes/ColorCalibrator/M_ColorGrid.uasset" 156
"../../../Engine/Content/EditorMeshes/ColorCalibrator/M_GreyBall.uasset" 157
"../../../Engine/Content/EditorMeshes/ColorCalibrator/SM_ColorCalibrator.uasset" 158
"../../../Engine/Content/EditorResources/Bad.uasset" 159
"../../../Engine/Content/EditorResources/BSPVertex.uasset" 160
"../../../Engine/Content/EditorResources/EmptyActor.uasset" 161
"../../../Engine/Content/EditorResources/MatInstActSprite.uasset" 162
"../../../Engine/Content/EditorResources/SceneManager.uasset" 163
"../../../Engine/Content/EditorResources/SmallFont.uasset" 164
"../../../Engine/Content/EditorResources/S_Actor.uasset" 165
"../../../Engine/Content/EditorResources/S_DecalActorIcon.uasset" 166
"../../../Engine/Content/EditorResources/S_Emitter.uasset" 167
"../../../Engine/Content/EditorResources/S_ExpoHeightFog.uasset" 168
"../../../Engine/Content/EditorResources/S_FTest.uasset" 169
"../../../Engine/Content/EditorResources/S_KBSJoint.uasset" 170
"../../../Engine/Content/EditorResources/S_KHinge.uasset" 171
"../../../Engine/Content/EditorResources/S_KPrismatic.uasset" 172
"../../../Engine/Content/EditorResources/S_LevelSequence.uasset" 173
"../../../Engine/Content/EditorResources/S_NavP.uasset" 174
"../../../Engine/Content/EditorResources/S_Note.uasset" 175
"../../../Engine/Content/EditorResources/S_Player.uasset" 176
"../../../Engine/Content/EditorResources/S_PortalActorIcon2.uasset" 177
"../../../Engine/Content/EditorResources/S_RadForce.uasset" 178
"../../../Engine/Content/EditorResources/S_ReflActorIcon.uasset" 179
"../../../Engine/Content/EditorResources/S_Terrain.uasset" 180
"../../../Engine/Content/EditorResources/S_TextRenderActorIcon.uasset" 181
"../../../Engine/Content/EditorResources/S_Thruster.uasset" 182
"../../../Engine/Content/EditorResources/S_Trigger.uasset" 183
"../../../Engine/Content/EditorResources/S_VectorFieldVol.uasset" 184
"../../../Engine/Content/EditorResources/S_WindDirectional.uasset" 185
"../../../Engine/Content/EditorResources/AI/S_NavLink.uasset" 186
"../../../Engine/Content/EditorResources/AudioIcons/S_AudioComponent_AutoActivate.uasset" 187
"../../../Engine/Content/EditorResources/LightIcons/SkyLight.uasset" 188
"../../../Engine/Content/EditorResources/LightIcons/S_LightDirectional.uasset" 189
"../../../Engine/Content/EditorResources/LightIcons/S_LightDirectionalMove.uasset" 190
"../../../Engine/Content/EditorResources/LightIcons/S_LightError.uasset" 191
"../../../Engine/Content/EditorResources/LightIcons/S_LightPoint.uasset" 192
"../../../Engine/Content/EditorResources/LightIcons/S_LightPointMove.uasset" 193
"../../../Engine/Content/EditorResources/LightIcons/S_LightSpot.uasset" 194
"../../../Engine/Content/EditorResources/LightIcons/S_LightSpotMove.uasset" 195
"../../../Engine/Content/EditorResources/SequenceRecorder/Countdown.uasset" 196
"../../../Engine/Content/EditorResources/SequenceRecorder/RecordingIndicator.uasset" 197
"../../../Engine/Content/EditorResources/Spline/T_Loft_Spline.uasset" 198
"../../../Engine/Content/EditorSounds/Notifications/CompileFailed.uasset" 199
"../../../Engine/Content/EditorSounds/Notifications/CompileFailed_Cue.uasset" 200
"../../../Engine/Content/EditorSounds/Notifications/CompileSuccess.uasset" 201
"../../../Engine/Content/EditorSounds/Notifications/CompileStart_Cue.uasset" 202
"../../../Engine/Content/EditorSounds/Notifications/CompileSuccess_Cue.uasset" 203
"../../../Engine/Content/EngineDamageTypes/DmgTypeBP_Environmental.uasset" 204
"../../../Engine/Content/EngineDebugMaterials/HeatmapGradient.uasset" 205
"../../../Engine/Content/EngineDebugMaterials/BoneWeightMaterial.uasset" 206
"../../../Engine/Content/EngineDebugMaterials/ClothMaterial.uasset" 207
"../../../Engine/Content/EngineDebugMaterials/ClothMaterial_WF.uasset" 208
"../../../Engine/Content/EngineDebugMaterials/DebugEditorMaterial.uasset" 209
"../../../Engine/Content/EngineDebugMaterials/DebugMeshMaterial.uasset" 210
"../../../Engine/Content/EngineDebugMaterials/GeomMaterial.uasset" 211
"../../../Engine/Content/EngineDebugMaterials/LevelColorationLitMaterial.uasset" 212
"../../../Engine/Content/EngineDebugMaterials/LevelColorationUnlitMaterial.uasset" 213
"../../../Engine/Content/EngineMaterials/DefaultWhiteGrid.uasset" 214
"../../../Engine/Content/EngineDebugMaterials/MAT_LevelColorationLitLightmapUV.uasset" 215
"../../../Engine/Content/EngineDebugMaterials/M_SimpleTranslucent.uasset" 216
"../../../Engine/Content/EngineDebugMaterials/ShadedLevelColorationLitMaterial.uasset" 217
"../../../Engine/Content/EngineDebugMaterials/ShadedLevelColorationUnlitMateri.uasset" 218
"../../../Engine/Content/EngineDebugMaterials/VertexColorMaterial.uasset" 219
"../../../Engine/Content/EngineDebugMaterials/VertexColorViewMode_AlphaAsColor.uasset" 220
"../../../Engine/Content/EngineDebugMaterials/VertexColorViewMode_BlueOnly.uasset" 221
"../../../Engine/Content/EngineDebugMaterials/VertexColorViewMode_ColorOnly.uasset" 222
"../../../Engine/Content/EngineDebugMaterials/VertexColorViewMode_GreenOnly.uasset" 223
"../../../Engine/Content/EngineDebugMaterials/VertexColorViewMode_RedOnly.uasset" 224
"../../../Engine/Content/EngineDebugMaterials/WireframeMaterial.uasset" 225
"../../../Engine/Content/EngineFonts/Faces/RobotoBold.uasset" 226
"../../../Engine/Content/EngineFonts/Faces/RobotoBoldItalic.uasset" 227
"../../../Engine/Content/EngineFonts/Faces/RobotoItalic.uasset" 228
"../../../Engine/Content/EngineFonts/Faces/RobotoLight.uasset" 229
"../../../Engine/Content/EngineFonts/Faces/RobotoRegular.uasset" 230
"../../../Engine/Content/EngineFonts/Roboto.uasset" 231
"../../../Engine/Content/EngineFonts/Faces/RobotoTiny.uasset" 232
"../../../Engine/Content/EngineFonts/RobotoTiny.uasset" 233
"../../../Engine/Content/EngineFonts/SmallFont.uasset" 234
"../../../Engine/Content/EngineFonts/TinyFont.uasset" 235
"../../../Engine/Content/EngineResources/WhiteSquareTexture.uasset" 236
"../../../Engine/Content/EngineMaterials/BlinkingCaret.uasset" 237
"../../../Engine/Content/EngineMaterials/DefaultBloomKernel.uasset" 238
"../../../Engine/Content/EngineMaterials/DefaultBokeh.uasset" 239
"../../../Engine/Content/EngineMaterials/DefaultDiffuse.uasset" 240
"../../../Engine/Content/EngineMaterials/DefaultDeferredDecalMaterial.uasset" 241
"../../../Engine/Content/EngineMaterials/DefaultLightFunctionMaterial.uasset" 242
"../../../Engine/Content/EngineMaterials/DefaultNormal.uasset" 243
"../../../Engine/Content/EngineMaterials/DefaultPostProcessMaterial.uasset" 244
"../../../Engine/Content/EngineFonts/RobotoDistanceField.uasset" 245
"../../../Engine/Content/EngineMaterials/DefaultTextMaterialOpaque.uasset" 246
"../../../Engine/Content/EngineMaterials/EditorBrushMaterial.uasset" 247
"../../../Engine/Content/EngineMaterials/Good64x64TilingNoiseHighFreq.uasset" 248
"../../../Engine/Content/EngineMaterials/Grid_N.uasset" 249
"../../../Engine/Content/EngineMaterials/HighResolutionScreenshotMaskFunction.uasset" 250
"../../../Engine/Content/EngineMaterials/HighResScreenshot.uasset" 251
"../../../Engine/Content/EngineMaterials/HighResScreenshotCaptureRegion.uasset" 252
"../../../Engine/Content/EngineMaterials/HighResScreenshotMask.uasset" 253
"../../../Engine/Content/EngineMaterials/LandscapeHolePhysicalMaterial.uasset" 254
"../../../Engine/Content/EngineMaterials/InvalidLightmapSettings.uasset" 255
"../../../Engine/Content/EngineMaterials/M_InvalidLightmapSettings.uasset" 256
"../../../Engine/Content/EngineMaterials/PaperDiffuse.uasset" 257
"../../../Engine/Content/EngineMaterials/PaperNormal.uasset" 258
"../../../Engine/Content/Functions/Engine_MaterialFunctions02/WorldPositionOffset/CameraOffset.uasset" 259
"../../../Engine/Content/EngineMaterials/PhAT_JointLimitMaterial.uasset" 260
"../../../Engine/Content/EngineMaterials/PhysMat_Rubber.uasset" 261
"../../../Engine/Content/EngineMaterials/PreintegratedSkinBRDF.uasset" 262
"../../../Engine/Content/EngineMaterials/RemoveSurfaceMaterial.uasset" 263
"../../../Engine/Content/EngineMaterials/WeightMapPlaceholderTexture.uasset" 264
"../../../Engine/Content/EngineMaterials/Widget3DPassThrough.uasset" 265
"../../../Engine/Content/EngineMaterials/Widget3DPassThrough_Masked.uasset" 266
"../../../Engine/Content/EngineMaterials/Widget3DPassThrough_Opaque.uasset" 267
"../../../Engine/Content/EngineMaterials/Widget3DPassThrough_Masked_OneSided.uasset" 268
"../../../Engine/Content/EngineMaterials/Widget3DPassThrough_Opaque_OneSided.uasset" 269
"../../../Engine/Content/EngineMaterials/Widget3DPassThrough_Translucent.uasset" 270
"../../../Engine/Content/EngineMaterials/Widget3DPassThrough_Translucent_OneSided.uasset" 271
"../../../Engine/Content/EngineMeshes/Cube.uasset" 272
"../../../Engine/Content/EngineMeshes/Cylinder.uasset" 273
"../../../Engine/Content/EngineMeshes/Sphere.uasset" 274
"../../../Engine/Content/EngineResources/Black.uasset" 275
"../../../Engine/Content/EngineResources/DefaultTexture.uasset" 276
"../../../Engine/Content/EngineResources/DefaultTextureCube.uasset" 277
"../../../Engine/Content/EngineResources/GradientTexture0.uasset" 278
"../../../Engine/Content/EngineResources/StreamingPauseIcon.uasset" 279
"../../../Engine/Content/EngineResources/M_StreamingPause.uasset" 280
"../../../Engine/Content/EngineSounds/Master.uasset" 281
"../../../Engine/Content/Functions/Engine_MaterialFunctions01/Shading/PowerToRoughness.uasset" 282
"../../../Engine/Content/Maps/Templates/Thumbnails/Default.uasset" 283
"../../../Engine/Content/Maps/Templates/Thumbnails/VR-Basic.uasset" 284
"../../../Engine/Content/MapTemplates/Sky/DaylightAmbientCubemap.uasset" 285
"../../../Engine/Content/MobileResources/T_MobileControls_texture.uasset" 286
"../../../Engine/Content/MobileResources/T_MobileMenu2.uasset" 287
"../../../Engine/Content/MobileResources/HUD/AnalogHat.uasset" 288
"../../../Engine/Content/MobileResources/HUD/VirtualJoystick_Background.uasset" 289
"../../../Engine/Content/MobileResources/HUD/VirtualJoystick_Thumb.uasset" 290
"../../../Engine/Content/MobileResources/HUD/DefaultVirtualJoysticks.uasset" 291
"../../../Engine/Content/MobileResources/HUD/LeftVirtualJoystickOnly.uasset" 292
"../../../Engine/Content/MobileResources/HUD/MobileHUDButton1_off.uasset" 293
"../../../Engine/Content/MobileResources/HUD/MobileHUDButton1_on.uasset" 294
"../../../Engine/Content/MobileResources/HUD/MobileHUDButton2_off.uasset" 295
"../../../Engine/Content/MobileResources/HUD/MobileHUDButton2_on.uasset" 296
"../../../Engine/Content/MobileResources/HUD/MobileHUDButton3.uasset" 297
"../../../Engine/Content/MobileResources/HUD/MobileHUDButtonFire.uasset" 298
"../../../Engine/Content/MobileResources/HUD/MobileHUDDirectionPad.uasset" 299
"../../../Engine/Content/MobileResources/HUD/MobileHUDDirectionPad2.uasset" 300
"../../../Engine/Content/MobileResources/HUD/MobileHUDDirectionPad3.uasset" 301
"../../../Engine/Content/MobileResources/HUD/MobileHUDDirectionStick.uasset" 302
"../../../Engine/Content/MobileResources/HUD/T_Castle_ThumbstickInner.uasset" 303
"../../../Engine/Content/MobileResources/HUD/T_Castle_ThumbstickOutter.uasset" 304
"../../../Engine/Content/Tutorial/ContentIntroCurve.uasset" 305
"../../../Engine/Content/Tutorial/Basics/TutorialAssets/icon_tab_Levels_40x.uasset" 306
"../../../Engine/Content/Tutorial/BlueprintTutorials/TutorialAssets/BlueprintInterface_64x.uasset" 307
"../../../Engine/Content/Tutorial/BlueprintTutorials/TutorialAssets/BlueprintMacroLibrary_64x.uasset" 308
"../../../Engine/Content/Tutorial/BlueprintTutorials/TutorialAssets/Blueprint_64x.uasset" 309
"../../../Engine/Content/Tutorial/BlueprintTutorials/TutorialAssets/Tutorial_BP_Interface.uasset" 310
"../../../Engine/Content/Tutorial/Foliage/TutorialAssets/Foliage.uasset" 311
"../../../Engine/Content/Tutorial/Landscape/TutorialAssets/Landscape.uasset" 312
"../../../Engine/Content/Tutorial/Paper2D/TutorialAssets/Paper2DFlipbook_TutorialIcon.uasset" 313
"../../../Engine/Content/Tutorial/Paper2D/TutorialAssets/Paper2DSprite_TutorialIcon.uasset" 314
"../../../Engine/Content/Tutorial/SubEditors/TutorialAssets/icon_Editor_Preferences_General_40x.uasset" 315
"../../../Engine/Content/Tutorial/SubEditors/TutorialAssets/icon_ShowSkeletalMeshes_40x.uasset" 316
"../../../Engine/Content/Tutorial/SubEditors/TutorialAssets/TutorialMaterial.uasset" 317
"../../../Engine/Content/Tutorial/SubEditors/TutorialAssets/T_SmokeSubUV_8X8.uasset" 318
"../../../Engine/Content/Tutorial/SubEditors/TutorialAssets/T_soft_smoke.uasset" 319
"../../../Engine/Content/Tutorial/SubEditors/TutorialAssets/M_smoke_subUV_blackbody.uasset" 320
"../../../Engine/Content/Tutorial/SubEditors/TutorialAssets/TutorialParticleSystem.uasset" 321
"../../../Engine/Content/VREditor/Devices/Generic/GenericHMDMaterial.uasset" 322
"../../../Engine/Content/VREditor/Devices/Generic/GenericHMD.uasset" 323
"../../../Engine/Content/VREditor/FloatingText/LineMaterial.uasset" 324
"../../../Engine/Content/VREditor/FloatingText/JointSphere.uasset" 325
"../../../Engine/Content/VREditor/FloatingText/LineSegmentCylinder.uasset" 326
"../../../Engine/Content/VREditor/Fonts/VRText_RobotoLarge.uasset" 327
"../../../Engine/Content/VREditor/Fonts/VRTextMaterial.uasset" 328
"../../../Engine/Content/VREditor/Fonts/TranslucentVRTextMaterial.uasset" 329
"../../../Engine/Content/VREditor/LaserPointer/CursorPointer.uasset" 330
"../../../Engine/Content/VREditor/LaserPointer/VR_LaserPower_01.uasset" 331
"../../../Engine/Content/VREditor/TransformGizmo/TransformGizmoMaterial.uasset" 332
"../../../Engine/Content/VREditor/LaserPointer/HoverMaterial.uasset" 333
"../../../Engine/Content/VREditor/TransformGizmo/TranslucentTransformGizmoMaterial.uasset" 334
"../../../Engine/Content/VREditor/LaserPointer/TranslucentHoverMaterial.uasset" 335
"../../../Engine/Content/VREditor/LaserPointer/HoverMesh.uasset" 336
"../../../Engine/Content/VREditor/LaserPointer/LaserPointerMaterial.uasset" 337
"../../../Engine/Content/VREditor/LaserPointer/LaserPointerMaterialInst.uasset" 338
"../../../Engine/Content/VREditor/LaserPointer/TranslucentLaserPointerMaterialInst.uasset" 339
"../../../Engine/Content/VREditor/LaserPointer/LaserPointerMesh.uasset" 340
"../../../Engine/Content/VREditor/LaserPointer/LaserPointerMesh_End.uasset" 341
"../../../Engine/Content/VREditor/LaserPointer/LaserPointerMesh_Start.uasset" 342
"../../../Engine/Content/Functions/Engine_MaterialFunctions02/Utility/BreakOutFloat3Components.uasset" 343
"../../../Engine/Content/Functions/Engine_MaterialFunctions02/Math/Transform3x3Matrix.uasset" 344
"../../../Engine/Content/Functions/Engine_MaterialFunctions02/SplitComponents.uasset" 345
"../../../Engine/Content/VREditor/SnapGrid/SnapGridMaterial.uasset" 346
"../../../Engine/Content/VREditor/SnapGrid/SnapGridPlaneMesh.uasset" 347
"../../../Engine/Content/VREditor/Sounds/VR_teleport.uasset" 348
"../../../Engine/Content/VREditor/Sounds/UI/Click_on_Button_Cue.uasset" 349
"../../../Engine/Content/VREditor/Sounds/UI/Dockable_Window_Close.uasset" 350
"../../../Engine/Content/VREditor/Sounds/UI/Dockable_Window_Drop.uasset" 351
"../../../Engine/Content/VREditor/Sounds/UI/Dockable_Window_Open.uasset" 352
"../../../Engine/Content/VREditor/Sounds/UI/Dockable_Window_Pick_Up.uasset" 353
"../../../Engine/Content/VREditor/Sounds/UI/Drop_Item_From_ContentBrowser.uasset" 354
"../../../Engine/Content/VREditor/Sounds/UI/Floating_UI_Open-001.uasset" 355
"../../../Engine/Content/VREditor/Sounds/UI/Gizmo_Handle_Clicked.uasset" 356
"../../../Engine/Content/VREditor/Sounds/UI/Object_PickUp.uasset" 357
"../../../Engine/Content/VREditor/Sounds/UI/Object_Snaps_To_Another_Actor.uasset" 358
"../../../Engine/Content/VREditor/Sounds/UI/Object_Snaps_To_Grid.uasset" 359
"../../../Engine/Content/VREditor/Sounds/UI/Radial_Menu_FadeOut.uasset" 360
"../../../Engine/Content/VREditor/Sounds/UI/Scaling_Down.uasset" 361
"../../../Engine/Content/VREditor/Sounds/UI/Scaling_Up.uasset" 362
"../../../Engine/Content/VREditor/Sounds/UI/Selection_Changes.uasset" 363
"../../../Engine/Content/VREditor/Sounds/UI/Teleport_Mode_Entered.uasset" 364
"../../../Engine/Content/VREditor/Teleport/TeleportDirectionMaterial.uasset" 365
"../../../Engine/Content/VREditor/Teleport/TeleportDirectionMaterial_Inst.uasset" 366
"../../../Engine/Content/VREditor/Teleport/TeleportDirectionMesh.uasset" 367
"../../../Engine/Content/VREditor/TransformGizmo/BoundingBoxCorner.uasset" 368
"../../../Engine/Content/VREditor/TransformGizmo/BoundingBoxEdge.uasset" 369
"../../../Engine/Content/VREditor/TransformGizmo/PlaneTranslationHandle.uasset" 370
"../../../Engine/Content/VREditor/TransformGizmo/RotationHandleFull.uasset" 371
"../../../Engine/Content/VREditor/TransformGizmo/RotationHandleIndicator.uasset" 372
"../../../Engine/Content/VREditor/TransformGizmo/RotationHandleQuarter.uasset" 373
"../../../Engine/Content/VREditor/TransformGizmo/Main.uasset" 374
"../../../Engine/Content/VREditor/TransformGizmo/Xray.uasset" 375
"../../../Engine/Content/VREditor/TransformGizmo/SM_Dialog_Close.uasset" 376
"../../../Engine/Content/VREditor/TransformGizmo/SM_Dialog_Move.uasset" 377
"../../../Engine/Content/VREditor/TransformGizmo/SM_Sequencer_Key.uasset" 378
"../../../Engine/Content/VREditor/TransformGizmo/SM_Sequencer_Node.uasset" 379
"../../../Engine/Content/VREditor/TransformGizmo/StartRotationHandleIndicator.uasset" 380
"../../../Engine/Content/VREditor/TransformGizmo/TranslucentTransformGizmoMaterial_Inst.uasset" 381
"../../../Engine/Content/VREditor/TransformGizmo/TransformGizmoFreeRotation.uasset" 382
"../../../Engine/Content/VREditor/TransformGizmo/TransformGizmoMaterial_Inst.uasset" 383
"../../../Engine/Content/VREditor/TransformGizmo/TranslateArrowHandle.uasset" 384
"../../../Engine/Content/VREditor/TransformGizmo/UniformScaleHandle.uasset" 385
"../../../Engine/Content/VREditor/UI/KeyDiskMaterial.uasset" 386
"../../../Engine/Content/VREditor/UI/DiscMaterial.uasset" 387
"../../../Engine/Content/VREditor/UI/SM_Radial_Disk.uasset" 388
"../../../Engine/Content/Functions/Engine_MaterialFunctions01/Gradient/RadialGradient.uasset" 389
"../../../Engine/Content/VREditor/WorldMovementGrid/SimpleGrid.uasset" 390
"../../../Engine/Content/VREditor/WorldMovementGrid/GridMaterial.uasset" 391
"../../../Engine/Content/Functions/Engine_MaterialFunctions01/Density/ExponentialDensity.uasset" 392
"../../../Engine/Content/VREditor/WorldMovementGrid/GridPostProcess.uasset" 393
"../../../Engine/Content/EditorLandscapeResources/FlattenHeightMat.uasset" 394
"../../../Engine/Content/VREditor/WorldMovementGrid/PlaneMesh.uasset" 395
"../../../UP/Content/SoulCity/Effects/Textures/Cube/T_CubeNearEntrance.uasset" 396
"../../../UP/Content/SoulCity/Effects/Textures/Water/T_DropSubUV_A.uasset" 397
"../../../UP/Content/SoulCity/Effects/Textures/Water/T_DropSubUV_N.uasset" 398
"../../../UP/Content/SoulCity/Effects/Materials/Water/M_WaterDrop_SubUV.uasset" 399
"../../../UP/Content/SoulCity/Effects/Textures/Water/T_Droplets_LitShaded_D.uasset" 400
"../../../UP/Content/SoulCity/Effects/Textures/Water/T_Droplets_N.uasset" 401
"../../../UP/Content/SoulCity/Effects/Materials/Water/MI_WaterDrop_SubUV.uasset" 402
"../../../UP/Content/SoulCity/Effects/Particles/Water/P_RainRunOff.uasset" 403
"../../../Engine/Content/Functions/Engine_MaterialFunctions02/Utility/MakeFloat4.uasset" 404
"../../../UP/Content/Tests/Material/Red.uasset" 405
"../../../Engine/Content/BasicShapes/Sphere.uasset" 406
"../../../UP/Content/StarterContent/Textures/T_Shelf_M.uasset" 407
"../../../UP/Content/StarterContent/Textures/T_Shelf_N.uasset" 408
"../../../UP/Content/StarterContent/Props/Materials/M_Shelf.uasset" 409
"../../../UP/Content/Tests/Mesh/StpidGun.uasset" 410
"../../../UP/Content/Tests/Blueprint/FPS_Player.uasset" 411
"../../../UP/Content/Tests/Blueprint/PointCounter.uasset" 412
"../../../UP/Content/StarterContent/Textures/T_MacroVariation.uasset" 413
"../../../UP/Content/StarterContent/Textures/T_Metal_Gold_D.uasset" 414
"../../../UP/Content/StarterContent/Textures/T_Metal_Gold_N.uasset" 415
"../../../UP/Content/StarterContent/Materials/M_Metal_Gold.uasset" 416
"../../../UP/Content/StarterContent/Textures/T_Metal_Steel_D.uasset" 417
"../../../UP/Content/StarterContent/Textures/T_Metal_Steel_N.uasset" 418
"../../../UP/Content/StarterContent/Materials/M_Metal_Steel.uasset" 419
"../../../UP/Content/StarterContent/Materials/M_Basic_Wall.uasset" 420
"../../../UP/Content/StarterContent/Shapes/Shape_Cylinder.uasset" 421
"../../../UP/Content/Tests/Blueprint/Barrel.uasset" 422
"../../../UP/Content/SoulCity/Environment/Textures/Effects/T_SparkSingle_M.uasset" 423
"../../../UP/Content/Tests/Material/Spark.uasset" 424
"../../../UP/Content/Tests/Explosion.uasset" 425
"../../../UP/Content/Tests/Mesh/Projectile3.uasset" 426
"../../../UP/Content/Tests/Blueprint/ProjectileBp.uasset" 427
"../../../UP/Content/Tests/Audio/AWP_Shoot_Sound_Effect_CSGO.uasset" 428
"../../../UP/Content/Tests/Audio/AWP_Shoot_Sound_Effect_CSGO_Cue.uasset" 429
"../../../UP/Content/Tests/Blueprint/FPS_Controller.uasset" 430
"../../../UP/Content/Tests/Blueprint/FPS_GameMode.uasset" 431
"../../../Engine/Plugins/2D/Paper2D/Content/PlaceholderTextures/DummySpriteTexture.uasset" 432
"../../../Engine/Plugins/2D/Paper2D/Content/DummySprite.uasset" 433
"../../../Engine/Plugins/2D/Paper2D/Content/DefaultPaperTerrainMaterial.uasset" 434
"../../../Engine/Plugins/2D/Paper2D/Content/DefaultSpriteMaterial.uasset" 435
"../../../Engine/Plugins/2D/Paper2D/Content/MaskedUnlitSpriteMaterial.uasset" 436
"../../../Engine/Plugins/2D/Paper2D/Content/OpaqueUnlitSpriteMaterial.uasset" 437
"../../../Engine/Plugins/Media/MediaCompositing/Content/DefaultMediaPlaneMaterial.uasset" 438
"../../../Engine/Plugins/Runtime/AppleARKit/Content/ARKitCameraMaterial.uasset" 439
"../../../Engine/Plugins/Runtime/Oculus/OculusVR/Content/Textures/GearVRController_AO.uasset" 440
"../../../Engine/Plugins/Runtime/Oculus/OculusVR/Content/Textures/GearVRController_Color.uasset" 441
"../../../Engine/Plugins/Runtime/Oculus/OculusVR/Content/Textures/GearVRController_Normal.uasset" 442
"../../../Engine/Plugins/Runtime/Oculus/OculusVR/Content/Materials/GearVRControllerMaterial.uasset" 443
"../../../Engine/Plugins/Runtime/Oculus/OculusVR/Content/Meshes/GearVrController.uasset" 444
"../../../Engine/Content/Maps/Entry.umap" 445
"../../../Engine/Content/EngineSky/C_Sky_Cloud_Color.uasset" 446
"../../../Engine/Content/EngineSky/C_Sky_Horizon_Color.uasset" 447
"../../../Engine/Content/EngineSky/C_Sky_Zenith_Color.uasset" 448
"../../../Engine/Content/EngineSky/T_Sky_Blue.uasset" 449
"../../../Engine/Content/EngineSky/T_Sky_Clouds_M.uasset" 450
"../../../Engine/Content/EngineSky/T_Sky_Stars.uasset" 451
"../../../Engine/Content/EngineSky/M_Sky_Panning_Clouds2.uasset" 452
"../../../Engine/Content/EngineSky/SM_SkySphere.uasset" 453
"../../../Engine/Content/EngineSky/BP_Sky_Sphere.uasset" 454
"../../../UP/Content/StarterContent/Maps/Minimal_Default_BuiltData.uasset" 455
"../../../UP/Content/SoulCity/Effects/Textures/Water/T_WaterDroplets_M.uasset" 456
"../../../UP/Content/SoulCity/Effects/Textures/Water/T_WaterDroplets_N.uasset" 457
"../../../UP/Content/SoulCity/Effects/Materials/Water/M_ParticleWater_MASTER_Mobile.uasset" 458
"../../../UP/Content/SoulCity/Effects/Particles/Water/P_RainGroundSplash.uasset" 459
"../../../UP/Content/SoulCity/Effects/Textures/Cube/T_AccessTunnel_Cube.uasset" 460
"../../../UP/Content/SoulCity/Effects/Materials/Water/M_ParticleWater_MASTER.uasset" 461
"../../../UP/Content/SoulCity/Effects/Particles/Water/P_RainStorm.uasset" 462
"../../../UP/Content/SoulCity/Effects/Textures/Leaves/T_LeafFlip_6X6_01_D.uasset" 463
"../../../UP/Content/SoulCity/EffectsMobileOpt/Leaves/Materials/M_Leaves.uasset" 464
"../../../UP/Content/SoulCity/EffectsMobileOpt/Leaves/ParticleSystems/P_Leaves_opt.uasset" 465
"../../../UP/Content/SoulCity/EffectsMobileOpt/Leaves/ParticleSystems/P_LeavesFallingGently_opt.uasset" 466
"../../../UP/Content/SoulCity/Environment/Textures/Effects/T_Clouds_01_M.uasset" 467
"../../../UP/Content/SoulCity/Environment/Textures/Effects/T_SmokeBall_01_8_8_D.uasset" 468
"../../../UP/Content/SoulCity/EffectsMobileOpt/Sparks/Materials/M_Smoke_MacroUV_Subtle_Near.uasset" 469
"../../../UP/Content/SoulCity/Environment/Materials/Effects/M_Single_Master.uasset" 470
"../../../UP/Content/SoulCity/EffectsMobileOpt/Engine/Textures/T_Smoke_Tile_01.uasset" 471
"../../../UP/Content/SoulCity/Environment/Textures/Effects/T_SparkCore_2X2_M.uasset" 472
"../../../UP/Content/SoulCity/Environment/Materials/Effects/M_Spark_Core_Master.uasset" 473
"../../../UP/Content/SoulCity/EffectsMobileOpt/Engine/Textures/T_Flare_04.uasset" 474
"../../../UP/Content/SoulCity/Environment/Textures/Effects/T_Flare_02_M.uasset" 475
"../../../UP/Content/SoulCity/EffectsMobileOpt/Sparks/Materials/M_Flare_Master.uasset" 476
"../../../UP/Content/SoulCity/EffectsMobileOpt/Sparks/Materials/MI_Flare_Blue.uasset" 477
"../../../UP/Content/SoulCity/Environment/Textures/Effects/T_Spark_Bits_2X2_M.uasset" 478
"../../../UP/Content/SoulCity/Environment/Materials/Effects/MI_Spark_Bits.uasset" 479
"../../../UP/Content/SoulCity/EffectsMobileOpt/Sparks/ParticleSystems/P_WeldSparks.uasset" 480
"../../../UP/Content/SoulCity/Effects/Textures/Smoke/T_SmokeSubUV_8X8_02_D.uasset" 481
"../../../UP/Content/SoulCity/Effects/Textures/Smoke/T_TilingClouds_01_M.uasset" 482
"../../../UP/Content/SoulCity/EffectsMobileOpt/Steam/Materials/M_Snow_Blowing_unLitDistanceFade.uasset" 483
"../../../UP/Content/SoulCity/EffectsMobileOpt/Steam/ParticleSystems/P_BlowDetails.uasset" 484
"../../../UP/Content/SoulCity/Effects/Textures/Noise/T_TilingNoise03.uasset" 485
"../../../UP/Content/SoulCity/Effects/Textures/Smoke/T_SmokeSubUV_8X8_02.uasset" 486
"../../../UP/Content/SoulCity/Effects/Textures/Smoke/T_TilingClouds_01.uasset" 487
"../../../UP/Content/SoulCity/Effects/Materials/Snow/M_Snow_Blowing_Lit.uasset" 488
"../../../UP/Content/SoulCity/EffectsMobileOpt/Steam/ParticleSystems/P_BlowDetailsWindy.uasset" 489
"../../../UP/Content/SoulCity/Effects/Textures/Smoke/T_SmokeBall_01_8_8_D.uasset" 490
"../../../UP/Content/SoulCity/EffectsMobileOpt/Steam/Materials/M_Smoke_MacroUV_Subtle_Emissive_Near.uasset" 491
"../../../UP/Content/SoulCity/EffectsMobileOpt/Steam/ParticleSystems/P_Steam_Jet_Emissive.uasset" 492
"../../../UP/Content/SoulCity/EffectsMobileOpt/Steam/Materials/M_Smoke_MacroUV_Subtle_Emissive_Lit.uasset" 493
"../../../UP/Content/SoulCity/EffectsMobileOpt/Steam/ParticleSystems/P_Steam_Jet_Emissive_lit.uasset" 494
"../../../UP/Content/SoulCity/EffectsMobileOpt/Steam/ParticleSystems/P_Steam_Jet_Emissive_Subtle.uasset" 495
"../../../UP/Content/SoulCity/EffectsMobileOpt/Trash/Textures/T_Paper_Sheet.uasset" 496
"../../../UP/Content/SoulCity/EffectsMobileOpt/Trash/Materials/M_paper.uasset" 497
"../../../UP/Content/SoulCity/EffectsMobileOpt/Trash/Meshes/SM_leaf.uasset" 498
"../../../UP/Content/SoulCity/EffectsMobileOpt/Trash/ParticleSystems/P_flyingPaper.uasset" 499
"../../../UP/Content/SoulCity/EffectsMobileOpt/Drips/Textures/T_Water_shockwave_contrast_a_02.uasset" 500
"../../../UP/Content/SoulCity/EffectsMobileOpt/Water/Textures/T_WaterFoam_02.uasset" 501
"../../../UP/Content/SoulCity/EffectsMobileOpt/Water/Materials/M_SplashFoam.uasset" 502
"../../../UP/Content/SoulCity/EffectsMobileOpt/Water/ParticleSystems/P_WaterDrips.uasset" 503
"../../../Engine/Content/Functions/Engine_MaterialFunctions01/Gradient/LinearGradient.uasset" 504
"../../../Engine/Content/Functions/Engine_MaterialFunctions01/ImageAdjustment/CheapContrast.uasset" 505
"../../../Engine/Content/Functions/Engine_MaterialFunctions01/Texturing/FlattenNormal.uasset" 506
"../../../Engine/Content/Functions/Engine_MaterialFunctions02/Math/CreateThirdOrthogonalVector.uasset" 507
"../../../Engine/Content/Functions/Engine_MaterialFunctions02/SafeNormalize.uasset" 508
"../../../Engine/Content/Functions/Engine_MaterialFunctions02/Utility/BlendAngleCorrectedNormals.uasset" 509
"../../../Engine/Content/Functions/Engine_MaterialFunctions02/ExampleContent/Textures/SphereRenderNormalsMap.uasset" 510
"../../../Engine/Content/Functions/Engine_MaterialFunctions02/WorldAlignedNormals_HighQuality.uasset" 511
"../../../UP/Content/SoulCity/Environment/Textures/Building_Slum/T_Slums_TilingNOise_M.uasset" 512
"../../../UP/Content/SoulCity/Environment/Textures/Water/T_Environment_Materials_Wet_TilingFlow02_N.uasset" 513
"../../../UP/Content/SoulCity/Environment/Materials/Functions/MF_GroundWetness.uasset" 514
"../../../UP/Content/SoulCity/Environment/Materials/Functions/MF_Switch.uasset" 515
"../../../Engine/Content/EngineMaterials/DefaultNormal_Uncompressed.uasset" 516
"../../../UP/Content/SoulCity/Environment/Materials/Functions/MF_WorldAlignedPanner.uasset" 517
"../../../Engine/Content/Functions/Engine_MaterialFunctions02/ExampleContent/Textures/water_d.uasset" 518
"../../../UP/Content/SoulCity/Environment/Textures/Water/T_RainPuddleMask.uasset" 519
"../../../UP/Content/SoulCity/Environment/Textures/Water/T_RainStreaming_N.uasset" 520
"../../../UP/Content/SoulCity/Environment/Textures/Water/T_Soul_Water01_N.uasset" 521
"../../../UP/Content/SoulCity/Environment/Materials/Functions/MF_WET_RunningWater.uasset" 522
"../../../UP/Content/SoulCity/Environment/Textures/Building_Slum/T_Slums_Wall_D.uasset" 523
"../../../UP/Content/SoulCity/Environment/Textures/Building_Slum/T_Slums_Wall_N.uasset" 524
"../../../UP/Content/SoulCity/Environment/Materials/MaterialLayers/MF_Slums_Concrete.uasset" 525
"../../../UP/Content/SoulCity/Environment/PhysicalMaterials/Stone.uasset" 526
"../../../UP/Content/SoulCity/Environment/Materials/Building/M_Slums_Concrete.uasset" 527
"../../../UP/Content/SoulCity/Environment/Materials/Building/MI_Slums_Concrete_Tiles.uasset" 528
"../../../UP/Content/SoulCity/Environment/Meshes/Building/SM_stairs_W1_H1_01.uasset" 529
"../../../UP/Content/SoulCity/Environment/Textures/Building/T_LODShantyTown02_M.uasset" 530
"../../../UP/Content/SoulCity/Environment/Textures/Building/T_LODShantyTown_D.uasset" 531
"../../../UP/Content/SoulCity/Environment/Textures/Building/T_LODShantyTown_M.uasset" 532
"../../../UP/Content/SoulCity/Environment/Textures/Building/T_LODShantyTown_N.uasset" 533
"../../../UP/Content/SoulCity/Environment/Materials/Building/M_LODShantyTown.uasset" 534
"../../../UP/Content/SoulCity/Environment/Materials/Building/MI_LODShantyTown.uasset" 535
"../../../UP/Content/SoulCity/Environment/Meshes/Building_Slum/SM_ShantyLODFar1.uasset" 536
"../../../UP/Content/SoulCity/Environment/Meshes/Building_Slum/SM_ShantyLODFar4.uasset" 537
"../../../UP/Content/SoulCity/Environment/Meshes/Building_Slum/SM_ShantyLODFar5.uasset" 538
"../../../UP/Content/SoulCity/Environment/Textures/Building_Slum/T_Slums_Decals_M.uasset" 539
"../../../UP/Content/SoulCity/Environment/Textures/Building_Slum/T_Slums_PaintMask_N.uasset" 540
"../../../UP/Content/SoulCity/Environment/Materials/Building/M_T_COG_PaintMask_D_Mat.uasset" 541
"../../../UP/Content/SoulCity/Environment/Meshes/Building_Slum/SM_Slums_Decal_01a.uasset" 542
"../../../UP/Content/SoulCity/Environment/Meshes/Building_Slum/SM_Slums_Decal_01b.uasset" 543
"../../../UP/Content/SoulCity/Environment/Materials/Building/M_T_COG_PaintMask_D_Mat2.uasset" 544
"../../../UP/Content/SoulCity/Environment/Meshes/Building_Slum/SM_Slums_Decal_02a.uasset" 545
"../../../UP/Content/SoulCity/Environment/Meshes/Building_Slum/SM_Slums_Decal_02b.uasset" 546
"../../../UP/Content/SoulCity/Environment/Meshes/Building_Slum/SM_Slums_Decal_02c.uasset" 547
"../../../UP/Content/SoulCity/Environment/PhysicalMaterials/WoodLadder.uasset" 548
"../../../UP/Content/SoulCity/Environment/Textures/Building_Slum/T_Slums_Wood_D.uasset" 549
"../../../UP/Content/SoulCity/Environment/Textures/Building_Slum/T_Slums_Wood_N.uasset" 550
"../../../UP/Content/SoulCity/Environment/Materials/Building/M_Slums_Wood.uasset" 551
"../../../UP/Content/SoulCity/Environment/Materials/Props/M_Wires02.uasset" 552
"../../../Engine/Content/Functions/MaterialLayerFunctions/MatLayerBlend_BakedNormal.uasset" 553
"../../../Engine/Content/Functions/MaterialLayerFunctions/MatLayerBlend_ModulateRoughness.uasset" 554
"../../../Engine/Content/Functions/MaterialLayerFunctions/MatLayerBlend_Standard.uasset" 555
"../../../UP/Content/SoulCity/Environment/Textures/Building_Slum/T_Patina_Metal_D.uasset" 556
"../../../UP/Content/SoulCity/Environment/Textures/Building_Slum/T_Slums_TilingMetal_n.uasset" 557
"../../../UP/Content/SoulCity/Environment/Materials/MaterialLayers/MF_Slums_Metal.uasset" 558
"../../../UP/Content/SoulCity/Environment/Textures/Building_Slum/T_Slums_Metal_Scratches_02_D.uasset" 559
"../../../UP/Content/SoulCity/Environment/Textures/Building_Slum/T_Slums_Metal_Scratches_02_N.uasset" 560
"../../../UP/Content/SoulCity/Environment/Textures/Building_Slum/T_Slums_TilingMetal_D.uasset" 561
"../../../UP/Content/SoulCity/Environment/Materials/MaterialLayers/MF_Slums_Paint.uasset" 562
"../../../UP/Content/SoulCity/Environment/Textures/Building_Slum/T_Slums_Metal_Rust_03_D.uasset" 563
"../../../UP/Content/SoulCity/Environment/Textures/Building_Slum/T_Slums_Metal_Rust_03_N.uasset" 564
"../../../UP/Content/SoulCity/Environment/Materials/MaterialLayers/MF_Slums_Rusted.uasset" 565
"../../../UP/Content/SoulCity/Environment/Textures/Building_Slum/T_Slums_MetalTexture_M.uasset" 566
"../../../UP/Content/SoulCity/Environment/Textures/Building_Slum/T_Slums_MetalTexture_N.uasset" 567
"../../../UP/Content/SoulCity/Environment/Materials/Building/M_Slums_Metalwork.uasset" 568
"../../../UP/Content/SoulCity/Environment/Materials/Building/MI_Slums_Metalwork.uasset" 569
"../../../UP/Content/SoulCity/Environment/Textures/Building_Slum/T_Slums_TinRoof_D.uasset" 570
"../../../UP/Content/SoulCity/Environment/Textures/Building_Slum/T_Slums_TinRoof_N.uasset" 571
"../../../UP/Content/SoulCity/Environment/Materials/Building/M_Slums_Tin.uasset" 572
"../../../UP/Content/SoulCity/Environment/Materials/Building/MI_Slums_Tin.uasset" 573
"../../../UP/Content/SoulCity/Environment/Textures/Building_Slum/T_Slums_Window_D.uasset" 574
"../../../UP/Content/SoulCity/Environment/Textures/Building_Slum/T_Slums_Window_M.uasset" 575
"../../../UP/Content/SoulCity/Environment/Textures/Building_Slum/T_Slums_Window_N.uasset" 576
"../../../UP/Content/SoulCity/Environment/Materials/Building/M_Slums_Window2.uasset" 577
"../../../UP/Content/SoulCity/Environment/Materials/Building/MI_Slums_Window2_NoLight.uasset" 578
"../../../UP/Content/SoulCity/Environment/Meshes/Building_Slum/SM_Slums_Distance_01a.uasset" 579
"../../../UP/Content/SoulCity/Environment/Meshes/Building_Slum/SM_Slums_Distance_01b.uasset" 580
"../../../UP/Content/SoulCity/Environment/Meshes/Building_Slum/SM_Slums_Distance_01b_OP.uasset" 581
"../../../UP/Content/SoulCity/Environment/Meshes/Building_Slum/SM_Slums_Distance_01c.uasset" 582
"../../../UP/Content/SoulCity/Environment/Meshes/Building_Slum/SM_Slums_Distance_02b.uasset" 583
"../../../UP/Content/SoulCity/Environment/Meshes/Building_Slum/SM_Slums_Distance_02c.uasset" 584
"../../../UP/Content/SoulCity/Environment/Meshes/Building_Slum/SM_Slums_Distance_02d.uasset" 585
"../../../UP/Content/SoulCity/Environment/Meshes/Building_Slum/SM_Slums_Distance_02e.uasset" 586
"../../../UP/Content/SoulCity/Environment/Meshes/Building_Slum/SM_Slums_Distance_02e_OP.uasset" 587
"../../../UP/Content/SoulCity/Environment/Meshes/Building_Slum/SM_Slums_Distance_03a_OP.uasset" 588
"../../../UP/Content/SoulCity/Environment/Meshes/Building_Slum/SM_Slums_Distance_05a_Opt.uasset" 589
"../../../UP/Content/SoulCity/Environment/Meshes/Building_Slum/SM_Slums_Floor_02a.uasset" 590
"../../../UP/Content/SoulCity/Environment/Materials/Building/M_Slums_Metalwork_MASKED.uasset" 591
"../../../UP/Content/SoulCity/Environment/Materials/Building/MI_Slums_Metalwork_Masked.uasset" 592
"../../../UP/Content/SoulCity/Environment/Meshes/Building_Slum/SM_Slums_Grating_01a.uasset" 593
"../../../UP/Content/SoulCity/Environment/Textures/Building_Slum/T_Slums_PipeTexture_01_M.uasset" 594
"../../../UP/Content/SoulCity/Environment/Textures/Building_Slum/T_Slums_PipeTexture_01_N.uasset" 595
"../../../UP/Content/SoulCity/Environment/Materials/Building/MI_Slums_Metalwork_Vent.uasset" 596
"../../../UP/Content/SoulCity/Environment/Meshes/Building_Slum/SM_Slums_Pipe_02a.uasset" 597
"../../../UP/Content/SoulCity/Environment/Meshes/Building_Slum/SM_Slums_Pipe_02b_OP.uasset" 598
"../../../UP/Content/SoulCity/Environment/Meshes/Building_Slum/SM_Slums_Pipe_03b.uasset" 599
"../../../Engine/Content/Functions/MaterialLayerFunctions/MatLayerBlend_Tint.uasset" 600
"../../../UP/Content/SoulCity/Environment/Materials/Building/M_Slums_2.uasset" 601
"../../../UP/Content/SoulCity/Environment/Textures/Building_Slum/T_Slums_PipeTexture_01b_M.uasset" 602
"../../../UP/Content/SoulCity/Environment/Textures/Building_Slum/T_Slums_PipeTexture_01b_N.uasset" 603
"../../../UP/Content/SoulCity/Environment/Materials/Building/MI_Slums_2P.uasset" 604
"../../../UP/Content/SoulCity/Environment/Meshes/Building_Slum/SM_Slums_Pipe_04a.uasset" 605
"../../../UP/Content/SoulCity/Environment/Meshes/Building_Slum/SM_Slums_Pipe_04b.uasset" 606
"../../../UP/Content/SoulCity/Environment/Meshes/Building_Slum/SM_Slums_Pipe_05b_LOD02.uasset" 607
"../../../UP/Content/SoulCity/Environment/Meshes/Building_Slum/SM_Slums_Roof_01a.uasset" 608
"../../../UP/Content/SoulCity/Environment/Meshes/Building_Slum/SM_Slums_Roof_01b.uasset" 609
"../../../UP/Content/SoulCity/Environment/Meshes/Building_Slum/SM_Slums_Roof_01b_OP.uasset" 610
"../../../UP/Content/SoulCity/Environment/Meshes/Building_Slum/SM_Slums_Scaffolding_01b_OP.uasset" 611
"../../../UP/Content/SoulCity/Environment/Meshes/Building_Slum/SM_Slums_Scaffolding_01b_Opt.uasset" 612
"../../../UP/Content/SoulCity/Environment/Meshes/Building_Slum/SM_Slums_Scaffolding_01e.uasset" 613
"../../../UP/Content/SoulCity/Environment/Meshes/Building_Slum/SM_Slums_Scaffolding_03b.uasset" 614
"../../../UP/Content/SoulCity/Environment/Meshes/Building_Slum/SM_Slums_Scaffolding_04.uasset" 615
"../../../UP/Content/SoulCity/Environment/Textures/Building/T_Slums_Signs_N.uasset" 616
"../../../UP/Content/SoulCity/Environment/Textures/Building/T_Slums_Signs_D.uasset" 617
"../../../UP/Content/SoulCity/Environment/Textures/Building/T_Slums_Signs_M.uasset" 618
"../../../UP/Content/SoulCity/Environment/Materials/Building/M_Signs.uasset" 619
"../../../UP/Content/SoulCity/Environment/Meshes/Building_Slum/SM_Slums_Sign03a_opt.uasset" 620
"../../../UP/Content/SoulCity/Environment/Meshes/Building_Slum/SM_Slums_Sign03b.uasset" 621
"../../../UP/Content/SoulCity/Environment/Meshes/Building_Slum/SM_Slums_Sign06a.uasset" 622
"../../../UP/Content/SoulCity/Environment/Meshes/Building_Slum/SM_Slums_Support_01a.uasset" 623
"../../../UP/Content/SoulCity/Environment/Meshes/Building_Slum/SM_Slums_Support_01c.uasset" 624
"../../../UP/Content/SoulCity/Environment/Meshes/Building_Slum/SM_Slums_Trash_01a.uasset" 625
"../../../UP/Content/SoulCity/Environment/Meshes/Building_Slum/SM_Slums_Trash_02a.uasset" 626
"../../../UP/Content/SoulCity/Environment/Meshes/Building_Slum/SM_Slums_Trash_02b.uasset" 627
"../../../UP/Content/SoulCity/Environment/Meshes/Building_Slum/SM_Slums_Trash_02c.uasset" 628
"../../../UP/Content/SoulCity/Environment/Meshes/Building_Slum/SM_Slums_Trash_02d.uasset" 629
"../../../UP/Content/SoulCity/Environment/Textures/Building/T_Slums_Trashcan_N.uasset" 630
"../../../UP/Content/SoulCity/Environment/Textures/Building/T_Slums_Trashcan_D.uasset" 631
"../../../UP/Content/SoulCity/Environment/Materials/Building/M_Trashcan.uasset" 632
"../../../UP/Content/SoulCity/Environment/Meshes/Building_Slum/SM_Slums_Trashbag.uasset" 633
"../../../UP/Content/SoulCity/Environment/Meshes/Building_Slum/SM_Slums_Trashcan_Closed02.uasset" 634
"../../../UP/Content/SoulCity/Environment/Meshes/Building_Slum/SM_Slums_Trashcan_Lid.uasset" 635
"../../../UP/Content/SoulCity/Environment/Meshes/Building_Slum/SM_Slums_Trashcan_Open01.uasset" 636
"../../../UP/Content/SoulCity/Environment/Materials/Building/MI_Slums_Metalwork_Shiny.uasset" 637
"../../../UP/Content/SoulCity/Environment/Meshes/Building_Slum/SM_Slums_Vent_01b_OP.uasset" 638
"../../../UP/Content/SoulCity/Environment/Meshes/Building_Slum/SM_Slums_Vent_02b.uasset" 639
"../../../UP/Content/SoulCity/Environment/Meshes/Building_Slum/SM_Slums_Vent_02c.uasset" 640
"../../../UP/Content/SoulCity/Environment/Meshes/Building_Slum/SM_Slums_Vent_02d.uasset" 641
"../../../UP/Content/SoulCity/Environment/Meshes/Building_Slum/SM_Slums_Vent_02e.uasset" 642
"../../../UP/Content/SoulCity/Environment/Meshes/Building_Slum/SM_Slums_Vent_02e_OP.uasset" 643
"../../../UP/Content/SoulCity/Environment/Meshes/Building_Slum/SM_Slums_Wall_01a.uasset" 644
"../../../UP/Content/SoulCity/Environment/Meshes/Building_Slum/SM_Slums_Wall_01b.uasset" 645
"../../../UP/Content/SoulCity/Environment/Meshes/Building_Slum/SM_Slums_Wall_01c.uasset" 646
"../../../UP/Content/SoulCity/Environment/Meshes/Building_Slum/SM_Slums_Wall_01d.uasset" 647
"../../../UP/Content/SoulCity/Environment/Meshes/Building_Slum/SM_Slums_Wall_01d_LP.uasset" 648
"../../../UP/Content/SoulCity/Environment/Meshes/Building_Slum/SM_Slums_Wall_01e.uasset" 649
"../../../UP/Content/SoulCity/Environment/Meshes/Building_Slum/SM_Slums_Wall_01f.uasset" 650
"../../../UP/Content/SoulCity/Environment/Meshes/Building_Slum/SM_Slums_Wall_01h.uasset" 651
"../../../UP/Content/SoulCity/Environment/Meshes/Building_Slum/SM_Slums_Wall_01j.uasset" 652
"../../../UP/Content/SoulCity/Environment/Meshes/Building_Slum/SM_Slums_Wall_01l_LP.uasset" 653
"../../../UP/Content/SoulCity/Environment/Meshes/Building_Slum/SM_Slums_Wall_01m.uasset" 654
"../../../UP/Content/SoulCity/Environment/Meshes/Building_Slum/SM_Slums_Wall_02b.uasset" 655
"../../../UP/Content/SoulCity/Environment/Materials/Building/MI_Slums_Concrete.uasset" 656
"../../../UP/Content/SoulCity/Environment/Meshes/Building_Slum/SM_Slums_Wall_02c.uasset" 657
"../../../UP/Content/SoulCity/Environment/Meshes/Building_Slum/SM_Slums_Wall_02f.uasset" 658
"../../../UP/Content/SoulCity/Environment/Meshes/Building_Slum/SM_Slums_Wall_02g.uasset" 659
"../../../UP/Content/SoulCity/Environment/Materials/MaterialLayers/MF_Slums_Tin.uasset" 660
"../../../UP/Content/SoulCity/Environment/Materials/Building/M_Slums_Tin_Paint.uasset" 661
"../../../UP/Content/SoulCity/Environment/Meshes/Building_Slum/SM_Slums_Wall_02j.uasset" 662
"../../../UP/Content/SoulCity/Environment/Meshes/Building_Slum/SM_Slums_Wall_02j_OP.uasset" 663
"../../../UP/Content/SoulCity/Environment/Meshes/Building_Slum/SM_Slums_Wall_02k.uasset" 664
"../../../UP/Content/SoulCity/Environment/Meshes/Building_Slum/SM_Slums_Wall_03b_OP_Opt.uasset" 665
"../../../UP/Content/SoulCity/Environment/Meshes/Building_Slum/SM_Slums_Wall_03c.uasset" 666
"../../../UP/Content/SoulCity/Environment/Meshes/Building_Slum/SM_Slums_Wall_Pipe_01.uasset" 667
"../../../UP/Content/SoulCity/Environment/Meshes/Building_Slum/SM_Slums_Window_01a.uasset" 668
"../../../UP/Content/SoulCity/Environment/Meshes/Building_Slum/SM_Slums_Wires_02d.uasset" 669
"../../../UP/Content/SoulCity/Environment/Meshes/Building_Slum/SM_Slums_WoodWall_01a.uasset" 670
"../../../UP/Content/SoulCity/Environment/Meshes/Building_Slum/SM_Slums_WoodWall_01d.uasset" 671
"../../../UP/Content/SoulCity/Environment/Materials/Building/M_Emissive.uasset" 672
"../../../UP/Content/SoulCity/Environment/Materials/Building/MI_Slums_Concrete__Tiles03.uasset" 673
"../../../UP/Content/SoulCity/Environment/Materials/Building/MI_Slums_Metalwork_Shiny_Vent.uasset" 674
"../../../UP/Content/SoulCity/Environment/Materials/Building/MI_Slums_Metalwork_Wet.uasset" 675
"../../../UP/Content/SoulCity/Environment/Meshes/Building_Slum/SM_Streetlight.uasset" 676
"../../../UP/Content/SoulCity/Environment/Textures/Building/T_Soul_Glowstick_D.uasset" 677
"../../../UP/Content/SoulCity/Environment/Textures/Building/T_Soul_GlowStick_N.uasset" 678
"../../../UP/Content/SoulCity/Environment/Materials/Building/M_Soul_Glowstick.uasset" 679
"../../../UP/Content/SoulCity/Environment/Meshes/Props/SM_glowstick02.uasset" 680
"../../../UP/Content/SoulCity/Sound/Wav/AmbientLooping/Rain_Heavy_Ext01.uasset" 681
"../../../UP/Content/SoulCity/Sound/Cue/AmbientLooping/Rain_Heavy_Ext_Cue.uasset" 682
"../../../UP/Content/StarterContent/Maps/Minimal_Default.umap" 683
